
**** Build of configuration Debug for project MPU9150_and_LSM9DS0_with_LM4F_TM4C_uart ****

/Applications/ti/ccsv8/utils/bin/gmake -j4 -k all 
 
Building file: "../uart_echo.c"
Invoking: ARM Compiler
"/Applications/ti/ccsv8/tools/compiler/ti-cgt-arm_18.1.1.LTS/bin/armcl" -mv7M4 --code_state=16 --float_support=FPv4SPD16 -me -O2 --fp_mode=relaxed --include_path="/Applications/ti/ccsv8/tools/compiler/ti-cgt-arm_18.1.1.LTS/include" --include_path="/Users/crohan009/Documents/Stuff/USR18/code base/MPU9150_and_LSM9DS0_with_LM4F_TM4C_uart/MPU/core/driver/include" --include_path="/Users/crohan009/Documents/Stuff/USR18/code base/MPU9150_and_LSM9DS0_with_LM4F_TM4C_uart/MPU/core/eMPL-hal" --include_path="/Users/crohan009/Documents/Stuff/USR18/code base/MPU9150_and_LSM9DS0_with_LM4F_TM4C_uart/MPU/core/mllite" --include_path="/Users/crohan009/Documents/Stuff/USR18/code base/MPU9150_and_LSM9DS0_with_LM4F_TM4C_uart/MPU/core/mpl" --include_path="/Users/crohan009/Documents/Stuff/USR18/code base/MPU9150_and_LSM9DS0_with_LM4F_TM4C_uart/MPU/core/driver/stm32L" --include_path="/Users/crohan009/Documents/Stuff/USR18/code base/MPU9150_and_LSM9DS0_with_LM4F_TM4C_uart/i2c_functions" --include_path="/Users/crohan009/Documents/Stuff/USR18/code base/MPU9150_and_LSM9DS0_with_LM4F_TM4C_uart/MPU/core/driver/eMPL" --include_path="/Users/crohan009/Documents/Stuff/USR18/code base/MPU9150_and_LSM9DS0_with_LM4F_TM4C_uart/include" --include_path="A:/ti/StellarisWare" --include_path="/Users/crohan009/Documents/Stuff/USR18/code base/MPU9150_and_LSM9DS0_with_LM4F_TM4C_uart" --include_path="/Applications/ti/TivaWare_C_Series-2.1.4.178" --include_path="/Applications/ti/TivaWare_C_Series-2.1.4.178/utils" --define=ccs="ccs" --define=EMPL_TARGET_TM4C --define=MPU9150 --define=EMPL --define=MPL_LOG_NDEBUG=1 --define=USE_DMP --define=ARM_MATH_CM4 --define=__FPU_PRESENT=1 --define=PART_LM4F232H5QD --define=TARGET_IS_BLIZZARD_RA1 --define=PART_TM4C123GE6PM -g --gcc --diag_warning=225 --display_error_number --gen_func_subsections=on --abi=eabi --ual --preproc_with_compile --preproc_dependency="uart_echo.d_raw"  "../uart_echo.c"
"../uart_echo.c", line 64: warning #303-D: typedef name has already been declared (with same type)
"../uart_echo.c", line 161: warning #225-D: function "print_float" declared implicitly
"../uart_echo.c", line 191: warning #161-D: declaration is incompatible with previous "print_float" (declared at line 161)
"../uart_echo.c", line 268: warning #225-D: function "i2c_read" declared implicitly
"../uart_echo.c", line 280: warning #225-D: function "I2CReceive" declared implicitly
Finished building: "../uart_echo.c"
 
Building target: "MPU9150_and_LSM9DS0_with_LM4F_TM4C_uart.out"
Invoking: ARM Linker
"/Applications/ti/ccsv8/tools/compiler/ti-cgt-arm_18.1.1.LTS/bin/armcl" -mv7M4 --code_state=16 --float_support=FPv4SPD16 -me -O2 --fp_mode=relaxed --define=ccs="ccs" --define=EMPL_TARGET_TM4C --define=MPU9150 --define=EMPL --define=MPL_LOG_NDEBUG=1 --define=USE_DMP --define=ARM_MATH_CM4 --define=__FPU_PRESENT=1 --define=PART_LM4F232H5QD --define=TARGET_IS_BLIZZARD_RA1 --define=PART_TM4C123GE6PM -g --gcc --diag_warning=225 --display_error_number --gen_func_subsections=on --abi=eabi --ual -z -m"uart_echo_ccs.map" --heap_size=24000 --stack_size=4096 -i"/Applications/ti/ccsv8/tools/compiler/ti-cgt-arm_18.1.1.LTS/lib" -i"/Applications/ti/ccsv8/tools/compiler/ti-cgt-arm_18.1.1.LTS/include" --reread_libs --display_error_number --warn_sections --xml_link_info="MPU9150_and_LSM9DS0_with_LM4F_TM4C_uart_linkInfo.xml" --rom_model --unused_section_elimination=on -o "MPU9150_and_LSM9DS0_with_LM4F_TM4C_uart.out" "./startup_ccs.obj" "./uart_echo.obj" "./MPU/core/driver/eMPL/inv_mpu.obj" "./MPU/core/driver/eMPL/inv_mpu_dmp_motion_driver.obj" "./MPU/core/driver/stm32L/log_stm32.obj" "./MPU/core/eMPL-hal/eMPL_outputs.obj" "./MPU/core/mllite/data_builder.obj" "./MPU/core/mllite/hal_outputs.obj" "./MPU/core/mllite/message_layer.obj" "./MPU/core/mllite/ml_math_func.obj" "./MPU/core/mllite/mlmath.obj" "./MPU/core/mllite/mpl.obj" "./MPU/core/mllite/results_holder.obj" "./MPU/core/mllite/start_manager.obj" "./MPU/core/mllite/storage_manager.obj" "./MPU_interface/mpu_interface.obj" "./i2c_functions/i2c_TM4C.obj" "./i2c_functions/i2c_functions.obj" "./include/i2c_tm4c.obj" "./include/imu.obj" "./include/uartstdio.obj" "../uart_echo_ccs.cmd"  -l"/Applications/ti/TivaWare_C_Series-2.1.4.178/driverlib/ccs/Debug/driverlib.lib" -l"/Applications/ti/TivaWare_C_Series-2.1.4.178/sensorlib/ccs/Debug/sensorlib.lib" -llibc.a -l"/Users/crohan009/Documents/Stuff/USR18/code base/MPU9150_and_LSM9DS0_with_LM4F_TM4C_uart/MPU/core/mpl/liblibmplmpu-m4-hardfp.a"  
<Linking>
warning #16032-D: object files have incompatible wchar_t types
   ("/Users/crohan009/Documents/Stuff/USR18/code
   base/MPU9150_and_LSM9DS0_with_LM4F_TM4C_uart/MPU/core/mpl/liblibmplmpu-m4-ha
   rdfp.a<accel_auto_cal.o>" = --wchar_t=32, "./startup_ccs.obj" =
   --wchar_t=16)
warning #16032-D: object files have incompatible wchar_t types
   ("/Users/crohan009/Documents/Stuff/USR18/code
   base/MPU9150_and_LSM9DS0_with_LM4F_TM4C_uart/MPU/core/mpl/liblibmplmpu-m4-ha
   rdfp.a<compass_vec_cal.o>" = --wchar_t=32, "./startup_ccs.obj" =
   --wchar_t=16)
warning #16032-D: object files have incompatible wchar_t types
   ("/Users/crohan009/Documents/Stuff/USR18/code
   base/MPU9150_and_LSM9DS0_with_LM4F_TM4C_uart/MPU/core/mpl/liblibmplmpu-m4-ha
   rdfp.a<fast_no_motion.o>" = --wchar_t=32, "./startup_ccs.obj" =
   --wchar_t=16)
warning #16032-D: object files have incompatible wchar_t types
   ("/Users/crohan009/Documents/Stuff/USR18/code
   base/MPU9150_and_LSM9DS0_with_LM4F_TM4C_uart/MPU/core/mpl/liblibmplmpu-m4-ha
   rdfp.a<fusion_9axis.o>" = --wchar_t=32, "./startup_ccs.obj" = --wchar_t=16)
warning #16032-D: object files have incompatible wchar_t types
   ("/Users/crohan009/Documents/Stuff/USR18/code
   base/MPU9150_and_LSM9DS0_with_LM4F_TM4C_uart/MPU/core/mpl/liblibmplmpu-m4-ha
   rdfp.a<gyro_tc.o>" = --wchar_t=32, "./startup_ccs.obj" = --wchar_t=16)
warning #16032-D: object files have incompatible wchar_t types
   ("/Users/crohan009/Documents/Stuff/USR18/code
   base/MPU9150_and_LSM9DS0_with_LM4F_TM4C_uart/MPU/core/mpl/liblibmplmpu-m4-ha
   rdfp.a<mag_disturb.o>" = --wchar_t=32, "./startup_ccs.obj" = --wchar_t=16)
warning #16032-D: object files have incompatible wchar_t types
   ("/Users/crohan009/Documents/Stuff/USR18/code
   base/MPU9150_and_LSM9DS0_with_LM4F_TM4C_uart/MPU/core/mpl/liblibmplmpu-m4-ha
   rdfp.a<quaternion_supervisor.o>" = --wchar_t=32, "./startup_ccs.obj" =
   --wchar_t=16)
warning #10247-D: creating output section ".rodata.str1.4" without a SECTIONS
   specification
Finished building target: "MPU9150_and_LSM9DS0_with_LM4F_TM4C_uart.out"
 
"/Applications/ti/ccsv8/utils/tiobj2bin/tiobj2bin" "MPU9150_and_LSM9DS0_with_LM4F_TM4C_uart.out" "MPU9150_and_LSM9DS0_with_LM4F_TM4C_uart.bin" "/Applications/ti/ccsv8/tools/compiler/ti-cgt-arm_18.1.1.LTS/bin/armofd" "/Applications/ti/ccsv8/tools/compiler/ti-cgt-arm_18.1.1.LTS/bin/armhex" "/Applications/ti/ccsv8/utils/tiobj2bin/mkhex4bin"
 

**** Build Finished ****
